2026-01-14 14:30:00,405 INFO __main__ - Starting polling loop (scaffold).
2026-01-14 14:30:00,405 DEBUG asyncio - Using proactor: IocpProactor
2026-01-14 14:30:00,743 DEBUG __main__ - Updated BTCUSDT with 500 closed candles; last close_time=1768381199999
2026-01-14 14:30:01,285 DEBUG __main__ - Updated ETHUSDT with 500 closed candles; last close_time=1768381199999
2026-01-14 14:30:06,434 DEBUG __main__ - Updated BTCUSDT with 20 closed candles; last close_time=1768381139999
2026-01-14 14:30:06,577 DEBUG __main__ - Updated ETHUSDT with 20 closed candles; last close_time=1768381199999
2026-01-14 14:30:11,730 DEBUG __main__ - Updated BTCUSDT with 20 closed candles; last close_time=1768381199999
2026-01-14 14:30:11,877 DEBUG __main__ - Updated ETHUSDT with 20 closed candles; last close_time=1768381199999
2026-01-14 14:30:17,054 DEBUG __main__ - Updated BTCUSDT with 20 closed candles; last close_time=1768381199999
2026-01-14 14:30:17,195 DEBUG __main__ - Updated ETHUSDT with 20 closed candles; last close_time=1768381199999
2026-01-14 14:30:22,387 ERROR asyncio - Unclosed client session
client_session: <aiohttp.client.ClientSession object at 0x000002BF41A0EED0>
2026-01-14 14:34:23,040 INFO __main__ - Starting polling loop (scaffold).
2026-01-14 14:34:23,041 DEBUG asyncio - Using proactor: IocpProactor
2026-01-14 14:34:23,363 DEBUG __main__ - Updated BTCUSDT with 500 closed candles; last close_time=1768381439999
2026-01-14 14:34:23,364 DEBUG __main__ - State BTCUSDT: close=94870.0000 ema50=94979.5901 st=94735.9693 dir=-1 atr=88.7042
2026-01-14 14:34:23,365 DEBUG src.strategy.router - Strategy B no signal for BTCUSDT
2026-01-14 14:34:23,366 DEBUG src.strategy.router - Strategy A no signal for BTCUSDT
2026-01-14 14:34:23,650 DEBUG __main__ - Updated ETHUSDT with 499 closed candles; last close_time=1768381379999
2026-01-14 14:34:23,651 DEBUG __main__ - State ETHUSDT: close=3326.7500 ema50=3330.2163 st=3329.4530 dir=-1 atr=1.0320
2026-01-14 14:34:23,652 DEBUG src.strategy.router - Strategy A no signal for ETHUSDT
2026-01-14 14:34:28,805 DEBUG __main__ - Updated BTCUSDT with 20 closed candles; last close_time=1768381439999
2026-01-14 14:34:28,806 DEBUG __main__ - State BTCUSDT: close=94870.0000 ema50=94979.5901 st=94735.9693 dir=-1 atr=88.7042
2026-01-14 14:34:28,808 DEBUG src.strategy.router - Strategy B no signal for BTCUSDT
2026-01-14 14:34:28,809 DEBUG src.strategy.router - Strategy A no signal for BTCUSDT
2026-01-14 14:34:29,202 DEBUG __main__ - Updated ETHUSDT with 20 closed candles; last close_time=1768381379999
2026-01-14 14:34:29,202 DEBUG __main__ - State ETHUSDT: close=3326.7500 ema50=3330.2163 st=3329.4530 dir=-1 atr=1.0320
2026-01-14 14:34:29,203 DEBUG src.strategy.router - Strategy A no signal for ETHUSDT
2026-01-14 14:34:34,368 DEBUG __main__ - Updated BTCUSDT with 20 closed candles; last close_time=1768381439999
2026-01-14 14:34:34,369 DEBUG __main__ - State BTCUSDT: close=94870.0000 ema50=94979.5901 st=94735.9693 dir=-1 atr=88.7042
2026-01-14 14:34:34,370 DEBUG src.strategy.router - Strategy B no signal for BTCUSDT
2026-01-14 14:34:34,370 DEBUG src.strategy.router - Strategy A no signal for BTCUSDT
2026-01-14 14:34:34,760 DEBUG __main__ - Updated ETHUSDT with 20 closed candles; last close_time=1768381379999
2026-01-14 14:34:34,761 DEBUG __main__ - State ETHUSDT: close=3326.7500 ema50=3330.2163 st=3329.4530 dir=-1 atr=1.0320
2026-01-14 14:34:34,762 DEBUG src.strategy.router - Strategy A no signal for ETHUSDT
2026-01-14 14:34:39,913 DEBUG __main__ - Updated BTCUSDT with 20 closed candles; last close_time=1768381439999
2026-01-14 14:34:39,913 DEBUG __main__ - State BTCUSDT: close=94870.0000 ema50=94979.5901 st=94735.9693 dir=-1 atr=88.7042
2026-01-14 14:34:39,914 DEBUG src.strategy.router - Strategy B no signal for BTCUSDT
2026-01-14 14:34:39,915 DEBUG src.strategy.router - Strategy A no signal for BTCUSDT
2026-01-14 14:34:40,314 DEBUG __main__ - Updated ETHUSDT with 19 closed candles; last close_time=1768381439999
2026-01-14 14:34:40,315 DEBUG __main__ - State ETHUSDT: close=3326.7500 ema50=3330.0804 st=3329.4530 dir=-1 atr=0.9628
2026-01-14 14:34:40,317 DEBUG src.strategy.router - Strategy A no signal for ETHUSDT
2026-01-14 14:34:45,466 DEBUG __main__ - Updated BTCUSDT with 20 closed candles; last close_time=1768381439999
2026-01-14 14:34:45,466 DEBUG __main__ - State BTCUSDT: close=94870.0000 ema50=94979.5901 st=94735.9693 dir=-1 atr=88.7042
2026-01-14 14:34:45,468 DEBUG src.strategy.router - Strategy B no signal for BTCUSDT
2026-01-14 14:34:45,469 DEBUG src.strategy.router - Strategy A no signal for BTCUSDT
2026-01-14 14:34:45,617 DEBUG __main__ - Updated ETHUSDT with 19 closed candles; last close_time=1768381439999
2026-01-14 14:34:45,619 DEBUG __main__ - State ETHUSDT: close=3326.7500 ema50=3330.0804 st=3329.4530 dir=-1 atr=0.9628
2026-01-14 14:34:45,620 DEBUG src.strategy.router - Strategy A no signal for ETHUSDT
2026-01-14 14:34:50,775 DEBUG __main__ - Updated BTCUSDT with 20 closed candles; last close_time=1768381439999
2026-01-14 14:34:50,776 DEBUG __main__ - State BTCUSDT: close=94870.0000 ema50=94979.5901 st=94735.9693 dir=-1 atr=88.7042
2026-01-14 14:34:50,778 DEBUG src.strategy.router - Strategy B no signal for BTCUSDT
2026-01-14 14:34:50,779 DEBUG src.strategy.router - Strategy A no signal for BTCUSDT
2026-01-14 14:34:50,923 DEBUG __main__ - Updated ETHUSDT with 19 closed candles; last close_time=1768381439999
2026-01-14 14:34:50,924 DEBUG __main__ - State ETHUSDT: close=3326.7500 ema50=3330.0804 st=3329.4530 dir=-1 atr=0.9628
2026-01-14 14:34:50,925 DEBUG src.strategy.router - Strategy A no signal for ETHUSDT
2026-01-14 14:34:56,079 DEBUG __main__ - Updated BTCUSDT with 20 closed candles; last close_time=1768381439999
2026-01-14 14:34:56,080 DEBUG __main__ - State BTCUSDT: close=94870.0000 ema50=94979.5901 st=94735.9693 dir=-1 atr=88.7042
2026-01-14 14:34:56,081 DEBUG src.strategy.router - Strategy B no signal for BTCUSDT
2026-01-14 14:34:56,082 DEBUG src.strategy.router - Strategy A no signal for BTCUSDT
2026-01-14 14:34:56,227 DEBUG __main__ - Updated ETHUSDT with 19 closed candles; last close_time=1768381439999
2026-01-14 14:34:56,227 DEBUG __main__ - State ETHUSDT: close=3326.7500 ema50=3330.0804 st=3329.4530 dir=-1 atr=0.9628
2026-01-14 14:34:56,228 DEBUG src.strategy.router - Strategy A no signal for ETHUSDT
2026-01-14 14:35:01,372 DEBUG __main__ - Updated BTCUSDT with 20 closed candles; last close_time=1768381439999
2026-01-14 14:35:01,373 DEBUG __main__ - State BTCUSDT: close=94870.0000 ema50=94979.5901 st=94735.9693 dir=-1 atr=88.7042
2026-01-14 14:35:01,375 DEBUG src.strategy.router - Strategy B no signal for BTCUSDT
2026-01-14 14:35:01,376 DEBUG src.strategy.router - Strategy A no signal for BTCUSDT
2026-01-14 14:35:01,533 DEBUG __main__ - Updated ETHUSDT with 20 closed candles; last close_time=1768381499999
2026-01-14 14:35:01,533 DEBUG __main__ - State ETHUSDT: close=3327.7900 ema50=3329.9906 st=3329.4530 dir=-1 atr=1.0035
2026-01-14 14:35:01,534 DEBUG src.strategy.router - Strategy A no signal for ETHUSDT
2026-01-14 14:35:06,693 DEBUG __main__ - Updated BTCUSDT with 20 closed candles; last close_time=1768381499999
2026-01-14 14:35:06,693 DEBUG __main__ - State BTCUSDT: close=94860.0000 ema50=94974.9003 st=94735.9693 dir=-1 atr=97.8438
2026-01-14 14:35:06,694 DEBUG src.strategy.router - Strategy B no signal for BTCUSDT
2026-01-14 14:35:06,694 DEBUG src.strategy.router - Strategy A no signal for BTCUSDT
2026-01-14 14:35:06,839 DEBUG __main__ - Updated ETHUSDT with 20 closed candles; last close_time=1768381499999
2026-01-14 14:35:06,840 DEBUG __main__ - State ETHUSDT: close=3327.7900 ema50=3329.9906 st=3329.4530 dir=-1 atr=1.0035
2026-01-14 14:35:06,841 DEBUG src.strategy.router - Strategy A no signal for ETHUSDT
2026-01-14 14:35:12,243 DEBUG __main__ - Updated BTCUSDT with 20 closed candles; last close_time=1768381439999
2026-01-14 14:35:12,244 DEBUG __main__ - State BTCUSDT: close=94860.0000 ema50=94974.9003 st=94735.9693 dir=-1 atr=97.8438
2026-01-14 14:35:12,245 DEBUG src.strategy.router - Strategy B no signal for BTCUSDT
2026-01-14 14:35:12,247 DEBUG src.strategy.router - Strategy A no signal for BTCUSDT
2026-01-14 14:35:12,391 DEBUG __main__ - Updated ETHUSDT with 20 closed candles; last close_time=1768381499999
2026-01-14 14:35:12,392 DEBUG __main__ - State ETHUSDT: close=3327.7900 ema50=3329.9906 st=3329.4530 dir=-1 atr=1.0035
2026-01-14 14:35:12,394 DEBUG src.strategy.router - Strategy A no signal for ETHUSDT
2026-01-14 14:35:17,802 DEBUG __main__ - Updated BTCUSDT with 20 closed candles; last close_time=1768381499999
2026-01-14 14:35:17,804 DEBUG __main__ - State BTCUSDT: close=94860.0000 ema50=94974.9003 st=94735.9693 dir=-1 atr=97.8438
2026-01-14 14:35:17,805 DEBUG src.strategy.router - Strategy B no signal for BTCUSDT
2026-01-14 14:35:17,806 DEBUG src.strategy.router - Strategy A no signal for BTCUSDT
2026-01-14 14:35:18,202 DEBUG __main__ - Updated ETHUSDT with 20 closed candles; last close_time=1768381499999
2026-01-14 14:35:18,204 DEBUG __main__ - State ETHUSDT: close=3327.7900 ema50=3329.9906 st=3329.4530 dir=-1 atr=1.0035
2026-01-14 14:35:18,205 DEBUG src.strategy.router - Strategy A no signal for ETHUSDT
2026-01-14 14:35:23,367 DEBUG __main__ - Updated BTCUSDT with 20 closed candles; last close_time=1768381499999
2026-01-14 14:35:23,369 DEBUG __main__ - State BTCUSDT: close=94860.0000 ema50=94974.9003 st=94735.9693 dir=-1 atr=97.8438
2026-01-14 14:35:23,370 DEBUG src.strategy.router - Strategy B no signal for BTCUSDT
2026-01-14 14:35:23,371 DEBUG src.strategy.router - Strategy A no signal for BTCUSDT
2026-01-14 14:35:23,516 DEBUG __main__ - Updated ETHUSDT with 20 closed candles; last close_time=1768381499999
2026-01-14 14:35:23,516 DEBUG __main__ - State ETHUSDT: close=3327.7900 ema50=3329.9906 st=3329.4530 dir=-1 atr=1.0035
2026-01-14 14:35:23,517 DEBUG src.strategy.router - Strategy A no signal for ETHUSDT
2026-01-14 14:35:28,657 DEBUG __main__ - Updated BTCUSDT with 19 closed candles; last close_time=1768381499999
2026-01-14 14:35:28,657 DEBUG __main__ - State BTCUSDT: close=94860.0000 ema50=94974.9003 st=94735.9693 dir=-1 atr=97.8438
2026-01-14 14:35:28,658 DEBUG src.strategy.router - Strategy B no signal for BTCUSDT
2026-01-14 14:35:28,658 DEBUG src.strategy.router - Strategy A no signal for BTCUSDT
2026-01-14 14:35:28,800 DEBUG __main__ - Updated ETHUSDT with 20 closed candles; last close_time=1768381499999
2026-01-14 14:35:28,800 DEBUG __main__ - State ETHUSDT: close=3327.7900 ema50=3329.9906 st=3329.4530 dir=-1 atr=1.0035
2026-01-14 14:35:28,802 DEBUG src.strategy.router - Strategy A no signal for ETHUSDT
2026-01-14 14:35:33,968 DEBUG __main__ - Updated BTCUSDT with 19 closed candles; last close_time=1768381499999
2026-01-14 14:35:33,968 DEBUG __main__ - State BTCUSDT: close=94860.0000 ema50=94974.9003 st=94735.9693 dir=-1 atr=97.8438
2026-01-14 14:35:33,969 DEBUG src.strategy.router - Strategy B no signal for BTCUSDT
2026-01-14 14:35:33,970 DEBUG src.strategy.router - Strategy A no signal for BTCUSDT
2026-01-14 14:35:34,115 DEBUG __main__ - Updated ETHUSDT with 20 closed candles; last close_time=1768381499999
2026-01-14 14:35:34,116 DEBUG __main__ - State ETHUSDT: close=3327.7900 ema50=3329.9906 st=3329.4530 dir=-1 atr=1.0035
2026-01-14 14:35:34,117 DEBUG src.strategy.router - Strategy A no signal for ETHUSDT
2026-01-14 14:35:36,960 ERROR asyncio - Unclosed client session
client_session: <aiohttp.client.ClientSession object at 0x0000015F4D146490>
2026-01-14 14:35:36,994 ERROR asyncio - Unclosed connector
connections: ['deque([(<aiohttp.client_proto.ResponseHandler object at 0x0000015F4DCB9CC0>, 33731.812)])']
connector: <aiohttp.connector.TCPConnector object at 0x0000015F4DCDE4D0>
2026-01-14 14:35:38,743 INFO __main__ - Starting polling loop (scaffold).
2026-01-14 14:35:38,744 DEBUG asyncio - Using proactor: IocpProactor
2026-01-14 14:35:38,947 DEBUG __main__ - Updated BTCUSDT with 499 closed candles; last close_time=1768381499999
2026-01-14 14:35:38,948 DEBUG __main__ - State BTCUSDT: close=94860.0000 ema50=94974.8852 st=94735.9693 dir=-1 atr=97.8438
2026-01-14 14:35:38,950 DEBUG src.strategy.router - Strategy B no signal for BTCUSDT
2026-01-14 14:35:38,950 DEBUG src.strategy.router - Strategy A no signal for BTCUSDT
2026-01-14 14:35:41,462 DEBUG __main__ - Updated ETHUSDT with 500 closed candles; last close_time=1768381499999
2026-01-14 14:35:41,463 DEBUG __main__ - State ETHUSDT: close=3327.7900 ema50=3329.9906 st=3329.4530 dir=-1 atr=1.0035
2026-01-14 14:35:41,493 DEBUG src.strategy.router - Strategy A no signal for ETHUSDT
2026-01-14 14:36:11,702 DEBUG __main__ - Updated BTCUSDT with 60 closed candles; last close_time=1768381559999
2026-01-14 14:36:11,703 DEBUG __main__ - State BTCUSDT: close=94858.1000 ema50=94970.3054 st=94735.9693 dir=-1 atr=88.2494
2026-01-14 14:36:11,704 DEBUG src.strategy.router - Strategy B no signal for BTCUSDT
2026-01-14 14:36:11,705 DEBUG src.strategy.router - Strategy A no signal for BTCUSDT
2026-01-14 14:36:11,850 DEBUG __main__ - Updated ETHUSDT with 60 closed candles; last close_time=1768381499999
2026-01-14 14:36:11,851 DEBUG __main__ - State ETHUSDT: close=3327.7900 ema50=3329.9906 st=3329.4530 dir=-1 atr=1.0035
2026-01-14 14:36:11,851 DEBUG src.strategy.router - Strategy A no signal for ETHUSDT
2026-01-14 14:36:42,052 DEBUG __main__ - Updated BTCUSDT with 60 closed candles; last close_time=1768381559999
2026-01-14 14:36:42,054 DEBUG __main__ - State BTCUSDT: close=94858.1000 ema50=94970.3054 st=94735.9693 dir=-1 atr=88.2494
2026-01-14 14:36:42,055 DEBUG src.strategy.router - Strategy B no signal for BTCUSDT
2026-01-14 14:36:42,057 DEBUG src.strategy.router - Strategy A no signal for BTCUSDT
2026-01-14 14:36:42,204 DEBUG __main__ - Updated ETHUSDT with 59 closed candles; last close_time=1768381559999
2026-01-14 14:36:42,206 DEBUG __main__ - State ETHUSDT: close=3327.6000 ema50=3329.8968 st=3329.4530 dir=-1 atr=1.0072
2026-01-14 14:36:42,207 DEBUG src.strategy.router - Strategy A no signal for ETHUSDT
2026-01-14 14:37:12,417 DEBUG __main__ - Updated BTCUSDT with 60 closed candles; last close_time=1768381619999
2026-01-14 14:37:12,418 DEBUG __main__ - State BTCUSDT: close=94908.3000 ema50=94967.8738 st=94735.9693 dir=-1 atr=98.7145
2026-01-14 14:37:12,420 DEBUG src.strategy.router - Strategy B no signal for BTCUSDT
2026-01-14 14:37:12,421 DEBUG src.strategy.router - Strategy A no signal for BTCUSDT
2026-01-14 14:37:12,570 DEBUG __main__ - Updated ETHUSDT with 60 closed candles; last close_time=1768381619999
2026-01-14 14:37:12,571 DEBUG __main__ - State ETHUSDT: close=3328.1200 ema50=3329.8271 st=3329.4530 dir=-1 atr=0.9974
2026-01-14 14:37:12,573 DEBUG src.strategy.router - Strategy A no signal for ETHUSDT
2026-01-14 14:37:42,759 DEBUG __main__ - Updated BTCUSDT with 60 closed candles; last close_time=1768381619999
2026-01-14 14:37:42,760 DEBUG __main__ - State BTCUSDT: close=94908.3000 ema50=94967.8738 st=94735.9693 dir=-1 atr=98.7145
2026-01-14 14:37:42,762 DEBUG src.strategy.router - Strategy B no signal for BTCUSDT
2026-01-14 14:37:42,763 DEBUG src.strategy.router - Strategy A no signal for BTCUSDT
2026-01-14 14:37:42,909 DEBUG __main__ - Updated ETHUSDT with 60 closed candles; last close_time=1768381619999
2026-01-14 14:37:42,910 DEBUG __main__ - State ETHUSDT: close=3328.1200 ema50=3329.8271 st=3329.4530 dir=-1 atr=0.9974
2026-01-14 14:37:42,912 DEBUG src.strategy.router - Strategy A no signal for ETHUSDT
2026-01-14 14:38:13,119 DEBUG __main__ - Updated BTCUSDT with 60 closed candles; last close_time=1768381619999
2026-01-14 14:38:13,120 DEBUG __main__ - State BTCUSDT: close=94908.3000 ema50=94967.8738 st=94735.9693 dir=-1 atr=98.7145
2026-01-14 14:38:13,121 DEBUG src.strategy.router - Strategy B no signal for BTCUSDT
2026-01-14 14:38:13,122 DEBUG src.strategy.router - Strategy A no signal for BTCUSDT
2026-01-14 14:38:13,273 DEBUG __main__ - Updated ETHUSDT with 60 closed candles; last close_time=1768381679999
2026-01-14 14:38:13,273 DEBUG __main__ - State ETHUSDT: close=3330.8300 ema50=3329.8665 st=3329.4530 dir=1 atr=1.1717
2026-01-14 14:38:13,275 DEBUG src.strategy.router - Strategy A no signal for ETHUSDT
2026-01-14 14:38:43,465 DEBUG __main__ - Updated BTCUSDT with 60 closed candles; last close_time=1768381619999
2026-01-14 14:38:43,466 DEBUG __main__ - State BTCUSDT: close=94908.3000 ema50=94967.8738 st=94735.9693 dir=-1 atr=98.7145
2026-01-14 14:38:43,468 DEBUG src.strategy.router - Strategy B no signal for BTCUSDT
2026-01-14 14:38:43,469 DEBUG src.strategy.router - Strategy A no signal for BTCUSDT
2026-01-14 14:38:43,617 DEBUG __main__ - Updated ETHUSDT with 59 closed candles; last close_time=1768381679999
2026-01-14 14:38:43,617 DEBUG __main__ - State ETHUSDT: close=3330.8300 ema50=3329.8665 st=3329.4530 dir=1 atr=1.1717
2026-01-14 14:38:43,618 DEBUG src.strategy.router - Strategy A no signal for ETHUSDT
2026-01-14 14:39:13,799 DEBUG __main__ - Updated BTCUSDT with 60 closed candles; last close_time=1768381739999
2026-01-14 14:39:13,799 DEBUG __main__ - State BTCUSDT: close=94939.9000 ema50=94965.9074 st=94735.9693 dir=-1 atr=88.9687
2026-01-14 14:39:13,800 DEBUG src.strategy.router - Strategy B no signal for BTCUSDT
2026-01-14 14:39:13,801 DEBUG src.strategy.router - Strategy A no signal for BTCUSDT
2026-01-14 14:39:13,957 DEBUG __main__ - Updated ETHUSDT with 60 closed candles; last close_time=1768381679999
2026-01-14 14:39:13,958 DEBUG __main__ - State ETHUSDT: close=3330.8300 ema50=3329.8665 st=3329.4530 dir=1 atr=1.1717
2026-01-14 14:39:13,959 DEBUG src.strategy.router - Strategy A no signal for ETHUSDT
2026-01-14 14:39:44,156 DEBUG __main__ - Updated BTCUSDT with 60 closed candles; last close_time=1768381739999
2026-01-14 14:39:44,157 DEBUG __main__ - State BTCUSDT: close=94939.9000 ema50=94965.9074 st=94735.9693 dir=-1 atr=88.9687
2026-01-14 14:39:44,158 DEBUG src.strategy.router - Strategy B no signal for BTCUSDT
2026-01-14 14:39:44,158 DEBUG src.strategy.router - Strategy A no signal for BTCUSDT
2026-01-14 14:39:44,302 DEBUG __main__ - Updated ETHUSDT with 60 closed candles; last close_time=1768381739999
2026-01-14 14:39:44,302 DEBUG __main__ - State ETHUSDT: close=3329.7500 ema50=3329.8619 st=3329.4530 dir=1 atr=1.1795
2026-01-14 14:39:44,304 DEBUG src.strategy.router - Strategy A no signal for ETHUSDT
2026-01-14 14:40:14,509 DEBUG __main__ - Updated BTCUSDT with 60 closed candles; last close_time=1768381739999
2026-01-14 14:40:14,510 DEBUG __main__ - State BTCUSDT: close=94939.9000 ema50=94965.9074 st=94735.9693 dir=-1 atr=88.9687
2026-01-14 14:40:14,512 DEBUG src.strategy.router - Strategy B no signal for BTCUSDT
2026-01-14 14:40:14,513 DEBUG src.strategy.router - Strategy A no signal for BTCUSDT
2026-01-14 14:40:14,666 DEBUG __main__ - Updated ETHUSDT with 60 closed candles; last close_time=1768381739999
2026-01-14 14:40:14,668 DEBUG __main__ - State ETHUSDT: close=3329.7500 ema50=3329.8619 st=3329.4530 dir=1 atr=1.1795
2026-01-14 14:40:14,673 DEBUG src.strategy.router - Strategy A no signal for ETHUSDT
2026-01-14 14:40:44,872 DEBUG __main__ - Updated BTCUSDT with 60 closed candles; last close_time=1768381739999
2026-01-14 14:40:44,873 DEBUG __main__ - State BTCUSDT: close=94939.9000 ema50=94965.9074 st=94735.9693 dir=-1 atr=88.9687
2026-01-14 14:40:44,875 DEBUG src.strategy.router - Strategy B no signal for BTCUSDT
2026-01-14 14:40:44,877 DEBUG src.strategy.router - Strategy A no signal for BTCUSDT
2026-01-14 14:40:45,035 DEBUG __main__ - Updated ETHUSDT with 60 closed candles; last close_time=1768381799999
2026-01-14 14:40:45,036 DEBUG __main__ - State ETHUSDT: close=3329.7200 ema50=3329.8563 st=3329.4530 dir=1 atr=1.1276
2026-01-14 14:40:45,038 DEBUG src.strategy.router - Strategy A no signal for ETHUSDT
2026-01-14 14:41:15,235 DEBUG __main__ - Updated BTCUSDT with 60 closed candles; last close_time=1768381859999
2026-01-14 14:41:15,236 DEBUG __main__ - State BTCUSDT: close=94959.3000 ema50=94965.3391 st=94735.9693 dir=-1 atr=79.1377
2026-01-14 14:41:15,237 DEBUG src.strategy.router - Strategy B no signal for BTCUSDT
2026-01-14 14:41:15,238 DEBUG src.strategy.router - Strategy A no signal for BTCUSDT
2026-01-14 14:41:15,383 DEBUG __main__ - Updated ETHUSDT with 60 closed candles; last close_time=1768381799999
2026-01-14 14:41:15,383 DEBUG __main__ - State ETHUSDT: close=3329.7200 ema50=3329.8563 st=3329.4530 dir=1 atr=1.1276
2026-01-14 14:41:15,385 DEBUG src.strategy.router - Strategy A no signal for ETHUSDT
2026-01-14 14:41:45,575 DEBUG __main__ - Updated BTCUSDT with 60 closed candles; last close_time=1768381859999
2026-01-14 14:41:45,576 DEBUG __main__ - State BTCUSDT: close=94959.3000 ema50=94965.3391 st=94735.9693 dir=-1 atr=79.1377
2026-01-14 14:41:45,578 DEBUG src.strategy.router - Strategy B no signal for BTCUSDT
2026-01-14 14:41:45,578 DEBUG src.strategy.router - Strategy A no signal for BTCUSDT
2026-01-14 14:41:45,723 DEBUG __main__ - Updated ETHUSDT with 59 closed candles; last close_time=1768381859999
2026-01-14 14:41:45,724 DEBUG __main__ - State ETHUSDT: close=3331.2800 ema50=3329.9122 st=3329.4530 dir=1 atr=1.2668
2026-01-14 14:41:45,725 DEBUG src.strategy.router - Strategy A no signal for ETHUSDT
2026-01-14 14:42:15,925 DEBUG __main__ - Updated BTCUSDT with 60 closed candles; last close_time=1768381859999
2026-01-14 14:42:15,927 DEBUG __main__ - State BTCUSDT: close=94959.3000 ema50=94965.3391 st=94735.9693 dir=-1 atr=79.1377
2026-01-14 14:42:15,930 DEBUG src.strategy.router - Strategy B no signal for BTCUSDT
2026-01-14 14:42:15,931 DEBUG src.strategy.router - Strategy A no signal for BTCUSDT
2026-01-14 14:42:16,090 DEBUG __main__ - Updated ETHUSDT with 60 closed candles; last close_time=1768381919999
2026-01-14 14:42:16,091 DEBUG __main__ - State ETHUSDT: close=3330.6800 ema50=3329.9423 st=3329.4530 dir=1 atr=1.2381
2026-01-14 14:42:16,094 DEBUG src.strategy.router - Strategy A no signal for ETHUSDT
2026-01-14 14:42:46,306 DEBUG __main__ - Updated BTCUSDT with 60 closed candles; last close_time=1768381919999
2026-01-14 14:42:46,308 DEBUG __main__ - State BTCUSDT: close=95042.8000 ema50=94968.3768 st=94735.9693 dir=-1 atr=83.5539
2026-01-14 14:42:46,310 DEBUG src.strategy.router - Strategy B no signal for BTCUSDT
2026-01-14 14:42:46,311 DEBUG src.strategy.router - Strategy A no signal for BTCUSDT
2026-01-14 14:42:46,462 DEBUG __main__ - Updated ETHUSDT with 60 closed candles; last close_time=1768381919999
2026-01-14 14:42:46,464 DEBUG __main__ - State ETHUSDT: close=3330.6800 ema50=3329.9423 st=3329.4530 dir=1 atr=1.2381
2026-01-14 14:42:46,466 DEBUG src.strategy.router - Strategy A no signal for ETHUSDT
2026-01-14 14:43:16,682 DEBUG __main__ - Updated BTCUSDT with 60 closed candles; last close_time=1768381979999
2026-01-14 14:43:16,683 DEBUG __main__ - State BTCUSDT: close=95020.8000 ema50=94970.4326 st=94735.9693 dir=-1 atr=80.3785
2026-01-14 14:43:16,685 DEBUG src.strategy.router - Strategy B no signal for BTCUSDT
2026-01-14 14:43:16,687 DEBUG src.strategy.router - Strategy A no signal for BTCUSDT
2026-01-14 14:43:16,831 DEBUG __main__ - Updated ETHUSDT with 60 closed candles; last close_time=1768381919999
2026-01-14 14:43:16,832 DEBUG __main__ - State ETHUSDT: close=3330.6800 ema50=3329.9423 st=3329.4530 dir=1 atr=1.2381
2026-01-14 14:43:16,834 DEBUG src.strategy.router - Strategy A no signal for ETHUSDT
2026-01-14 14:43:47,027 DEBUG __main__ - Updated BTCUSDT with 60 closed candles; last close_time=1768381979999
2026-01-14 14:43:47,028 DEBUG __main__ - State BTCUSDT: close=95020.8000 ema50=94970.4326 st=94735.9693 dir=-1 atr=80.3785
2026-01-14 14:43:47,031 DEBUG src.strategy.router - Strategy B no signal for BTCUSDT
2026-01-14 14:43:47,032 DEBUG src.strategy.router - Strategy A no signal for BTCUSDT
2026-01-14 14:43:47,187 DEBUG __main__ - Updated ETHUSDT with 59 closed candles; last close_time=1768381979999
2026-01-14 14:43:47,188 DEBUG __main__ - State ETHUSDT: close=3329.3400 ema50=3329.9187 st=3329.4530 dir=1 atr=1.3353
2026-01-14 14:43:47,189 DEBUG src.strategy.router - Strategy A no signal for ETHUSDT
2026-01-14 14:44:17,395 DEBUG __main__ - Updated BTCUSDT with 60 closed candles; last close_time=1768382039999
2026-01-14 14:44:17,397 DEBUG __main__ - State BTCUSDT: close=95020.8000 ema50=94972.4078 st=94735.9693 dir=-1 atr=74.4207
2026-01-14 14:44:17,398 DEBUG src.strategy.router - Strategy B no signal for BTCUSDT
2026-01-14 14:44:17,400 DEBUG src.strategy.router - Strategy A no signal for BTCUSDT
2026-01-14 14:44:17,548 DEBUG __main__ - Updated ETHUSDT with 60 closed candles; last close_time=1768382039999
2026-01-14 14:44:17,549 DEBUG __main__ - State ETHUSDT: close=3330.4600 ema50=3329.9399 st=3329.4530 dir=1 atr=1.3968
2026-01-14 14:44:17,552 DEBUG src.strategy.router - Strategy A no signal for ETHUSDT
2026-01-14 14:44:47,752 DEBUG __main__ - Updated BTCUSDT with 59 closed candles; last close_time=1768382039999
2026-01-14 14:44:47,753 DEBUG __main__ - State BTCUSDT: close=95020.8000 ema50=94972.4078 st=94735.9693 dir=-1 atr=74.4207
2026-01-14 14:44:47,755 DEBUG src.strategy.router - Strategy B no signal for BTCUSDT
2026-01-14 14:44:47,756 DEBUG src.strategy.router - Strategy A no signal for BTCUSDT
2026-01-14 14:44:47,902 DEBUG __main__ - Updated ETHUSDT with 60 closed candles; last close_time=1768382039999
2026-01-14 14:44:47,903 DEBUG __main__ - State ETHUSDT: close=3330.4600 ema50=3329.9399 st=3329.4530 dir=1 atr=1.3968
2026-01-14 14:44:47,904 DEBUG src.strategy.router - Strategy A no signal for ETHUSDT
2026-01-14 14:45:18,097 DEBUG __main__ - Updated BTCUSDT with 60 closed candles; last close_time=1768382039999
2026-01-14 14:45:18,098 DEBUG __main__ - State BTCUSDT: close=95020.8000 ema50=94972.4078 st=94735.9693 dir=-1 atr=74.4207
2026-01-14 14:45:18,099 DEBUG src.strategy.router - Strategy B no signal for BTCUSDT
2026-01-14 14:45:18,100 DEBUG src.strategy.router - Strategy A no signal for BTCUSDT
2026-01-14 14:45:18,247 DEBUG __main__ - Updated ETHUSDT with 60 closed candles; last close_time=1768382039999
2026-01-14 14:45:18,247 DEBUG __main__ - State ETHUSDT: close=3330.4600 ema50=3329.9399 st=3329.4530 dir=1 atr=1.3968
2026-01-14 14:45:18,248 DEBUG src.strategy.router - Strategy A no signal for ETHUSDT
2026-01-14 14:45:48,433 DEBUG __main__ - Updated BTCUSDT with 59 closed candles; last close_time=1768382099999
2026-01-14 14:45:48,434 DEBUG __main__ - State BTCUSDT: close=95051.7000 ema50=94975.5173 st=94735.9693 dir=-1 atr=72.3586
2026-01-14 14:45:48,436 DEBUG src.strategy.router - Strategy B no signal for BTCUSDT
2026-01-14 14:45:48,437 DEBUG src.strategy.router - Strategy A no signal for BTCUSDT
2026-01-14 14:45:48,585 DEBUG __main__ - Updated ETHUSDT with 59 closed candles; last close_time=1768382099999
2026-01-14 14:45:48,586 DEBUG __main__ - State ETHUSDT: close=3330.7600 ema50=3329.9721 st=3329.4530 dir=1 atr=1.3751
2026-01-14 14:45:48,587 DEBUG src.strategy.router - Strategy A no signal for ETHUSDT
2026-01-14 14:46:18,777 DEBUG __main__ - Updated BTCUSDT with 59 closed candles; last close_time=1768382159999
2026-01-14 14:46:18,778 DEBUG __main__ - State BTCUSDT: close=95080.1000 ema50=94979.6186 st=94735.9693 dir=-1 atr=67.9727
2026-01-14 14:46:18,780 DEBUG src.strategy.router - Strategy B no signal for BTCUSDT
2026-01-14 14:46:18,781 DEBUG src.strategy.router - Strategy A no signal for BTCUSDT
2026-01-14 14:46:18,927 DEBUG __main__ - Updated ETHUSDT with 60 closed candles; last close_time=1768382159999
2026-01-14 14:46:18,928 DEBUG __main__ - State ETHUSDT: close=3330.6100 ema50=3329.9971 st=3329.4530 dir=1 atr=1.2526
2026-01-14 14:46:18,929 DEBUG src.strategy.router - Strategy A no signal for ETHUSDT
2026-01-14 14:46:28,206 ERROR asyncio - Unclosed client session
client_session: <aiohttp.client.ClientSession object at 0x0000021D9A85B6D0>
2026-01-14 14:46:28,207 ERROR asyncio - Unclosed connector
connections: ['deque([(<aiohttp.client_proto.ResponseHandler object at 0x0000021D9ADA5CC0>, 34376.625)])']
connector: <aiohttp.connector.TCPConnector object at 0x0000021D9A8A9250>
2026-01-14 14:51:29,111 INFO __main__ - Starting polling loop (scaffold).
2026-01-14 14:51:29,111 DEBUG asyncio - Using proactor: IocpProactor
2026-01-14 14:51:29,443 DEBUG __main__ - Updated BTCUSDT with 499 closed candles; last close_time=1768382459999
2026-01-14 14:51:29,444 DEBUG __main__ - State BTCUSDT: close=95093.3000 ema50=95002.3975 st=94735.9693 dir=-1 atr=51.5037
2026-01-14 14:51:29,445 DEBUG src.strategy.router - Strategy Breakout_Retest no signal for BTCUSDT
2026-01-14 14:51:29,446 DEBUG src.strategy.router - Strategy ST_EMA50_Cross no signal for BTCUSDT
2026-01-14 14:51:29,719 DEBUG __main__ - Updated ETHUSDT with 500 closed candles; last close_time=1768382459999
2026-01-14 14:51:29,720 DEBUG __main__ - State ETHUSDT: close=3330.2000 ema50=3330.0792 st=3329.4530 dir=-1 atr=1.2248
2026-01-14 14:51:29,721 DEBUG src.strategy.router - Strategy ST_EMA50_Cross no signal for ETHUSDT
2026-01-14 14:51:59,935 DEBUG __main__ - Updated BTCUSDT with 60 closed candles; last close_time=1768382459999
2026-01-14 14:51:59,935 DEBUG __main__ - State BTCUSDT: close=95093.3000 ema50=95002.3975 st=94735.9693 dir=-1 atr=51.5037
2026-01-14 14:51:59,936 DEBUG src.strategy.router - Strategy Breakout_Retest no signal for BTCUSDT
2026-01-14 14:51:59,936 DEBUG src.strategy.router - Strategy ST_EMA50_Cross no signal for BTCUSDT
2026-01-14 14:52:00,081 DEBUG __main__ - Updated ETHUSDT with 59 closed candles; last close_time=1768382459999
2026-01-14 14:52:00,081 DEBUG __main__ - State ETHUSDT: close=3330.2000 ema50=3330.0792 st=3329.4530 dir=-1 atr=1.2248
2026-01-14 14:52:00,083 DEBUG src.strategy.router - Strategy ST_EMA50_Cross no signal for ETHUSDT
2026-01-14 14:52:30,276 DEBUG __main__ - Updated BTCUSDT with 60 closed candles; last close_time=1768382459999
2026-01-14 14:52:30,277 DEBUG __main__ - State BTCUSDT: close=95093.3000 ema50=95002.3975 st=94735.9693 dir=-1 atr=51.5037
2026-01-14 14:52:30,278 DEBUG src.strategy.router - Strategy Breakout_Retest no signal for BTCUSDT
2026-01-14 14:52:30,279 DEBUG src.strategy.router - Strategy ST_EMA50_Cross no signal for BTCUSDT
2026-01-14 14:52:30,427 DEBUG __main__ - Updated ETHUSDT with 60 closed candles; last close_time=1768382519999
2026-01-14 14:52:30,428 DEBUG __main__ - State ETHUSDT: close=3329.5700 ema50=3330.0592 st=3329.4530 dir=-1 atr=1.2454
2026-01-14 14:52:30,430 DEBUG src.strategy.router - Strategy ST_EMA50_Cross no signal for ETHUSDT
2026-01-14 14:53:00,625 DEBUG __main__ - Updated BTCUSDT with 60 closed candles; last close_time=1768382579999
2026-01-14 14:53:00,626 DEBUG __main__ - State BTCUSDT: close=95069.3000 ema50=95008.2087 st=94735.9693 dir=-1 atr=46.7580
2026-01-14 14:53:00,627 DEBUG src.strategy.router - Strategy Breakout_Retest no signal for BTCUSDT
2026-01-14 14:53:00,627 DEBUG src.strategy.router - Strategy ST_EMA50_Cross no signal for BTCUSDT
2026-01-14 14:53:00,770 DEBUG __main__ - Updated ETHUSDT with 60 closed candles; last close_time=1768382519999
2026-01-14 14:53:00,771 DEBUG __main__ - State ETHUSDT: close=3329.5700 ema50=3330.0592 st=3329.4530 dir=-1 atr=1.2454
2026-01-14 14:53:00,772 DEBUG src.strategy.router - Strategy ST_EMA50_Cross no signal for ETHUSDT
2026-01-14 14:53:30,965 DEBUG __main__ - Updated BTCUSDT with 60 closed candles; last close_time=1768382579999
2026-01-14 14:53:30,966 DEBUG __main__ - State BTCUSDT: close=95069.3000 ema50=95008.2087 st=94735.9693 dir=-1 atr=46.7580
2026-01-14 14:53:30,967 DEBUG src.strategy.router - Strategy Breakout_Retest no signal for BTCUSDT
2026-01-14 14:53:30,968 DEBUG src.strategy.router - Strategy ST_EMA50_Cross no signal for BTCUSDT
2026-01-14 14:53:31,112 DEBUG __main__ - Updated ETHUSDT with 60 closed candles; last close_time=1768382579999
2026-01-14 14:53:31,112 DEBUG __main__ - State ETHUSDT: close=3330.9900 ema50=3330.0957 st=3329.4530 dir=-1 atr=1.2798
2026-01-14 14:53:31,113 DEBUG src.strategy.router - Strategy ST_EMA50_Cross no signal for ETHUSDT
2026-01-14 14:54:01,317 DEBUG __main__ - Updated BTCUSDT with 60 closed candles; last close_time=1768382579999
2026-01-14 14:54:01,318 DEBUG __main__ - State BTCUSDT: close=95069.3000 ema50=95008.2087 st=94735.9693 dir=-1 atr=46.7580
2026-01-14 14:54:01,320 DEBUG src.strategy.router - Strategy Breakout_Retest no signal for BTCUSDT
2026-01-14 14:54:01,321 DEBUG src.strategy.router - Strategy ST_EMA50_Cross no signal for BTCUSDT
2026-01-14 14:54:01,465 DEBUG __main__ - Updated ETHUSDT with 60 closed candles; last close_time=1768382579999
2026-01-14 14:54:01,465 DEBUG __main__ - State ETHUSDT: close=3330.9900 ema50=3330.0957 st=3329.4530 dir=-1 atr=1.2798
2026-01-14 14:54:01,466 DEBUG src.strategy.router - Strategy ST_EMA50_Cross no signal for ETHUSDT
2026-01-14 14:54:31,684 DEBUG __main__ - Updated BTCUSDT with 59 closed candles; last close_time=1768382639999
2026-01-14 14:54:31,685 DEBUG __main__ - State BTCUSDT: close=95100.0000 ema50=95011.8084 st=94735.9693 dir=-1 atr=45.1622
2026-01-14 14:54:31,687 DEBUG src.strategy.router - Strategy Breakout_Retest no signal for BTCUSDT
2026-01-14 14:54:31,688 DEBUG src.strategy.router - Strategy ST_EMA50_Cross no signal for BTCUSDT
2026-01-14 14:54:31,834 DEBUG __main__ - Updated ETHUSDT with 59 closed candles; last close_time=1768382639999
2026-01-14 14:54:31,834 DEBUG __main__ - State ETHUSDT: close=3329.4900 ema50=3330.0720 st=3329.4530 dir=-1 atr=1.3258
2026-01-14 14:54:31,836 DEBUG src.strategy.router - Strategy ST_EMA50_Cross no signal for ETHUSDT
2026-01-14 14:55:02,057 DEBUG __main__ - Updated BTCUSDT with 60 closed candles; last close_time=1768382699999
2026-01-14 14:55:02,058 DEBUG __main__ - State BTCUSDT: close=95069.2000 ema50=95014.0591 st=94735.9693 dir=-1 atr=43.7260
2026-01-14 14:55:02,059 DEBUG src.strategy.router - Strategy Breakout_Retest no signal for BTCUSDT
2026-01-14 14:55:02,060 DEBUG src.strategy.router - Strategy ST_EMA50_Cross no signal for BTCUSDT
2026-01-14 14:55:02,203 DEBUG __main__ - Updated ETHUSDT with 60 closed candles; last close_time=1768382699999
2026-01-14 14:55:02,205 DEBUG __main__ - State ETHUSDT: close=3330.8700 ema50=3330.1033 st=3329.4530 dir=-1 atr=1.3443
2026-01-14 14:55:02,206 DEBUG src.strategy.router - Strategy ST_EMA50_Cross no signal for ETHUSDT
2026-01-14 14:55:32,455 DEBUG __main__ - Updated BTCUSDT with 60 closed candles; last close_time=1768382699999
2026-01-14 14:55:32,457 DEBUG __main__ - State BTCUSDT: close=95069.2000 ema50=95014.0591 st=94735.9693 dir=-1 atr=43.7260
2026-01-14 14:55:32,459 DEBUG src.strategy.router - Strategy Breakout_Retest no signal for BTCUSDT
2026-01-14 14:55:32,460 DEBUG src.strategy.router - Strategy ST_EMA50_Cross no signal for BTCUSDT
2026-01-14 14:55:32,608 DEBUG __main__ - Updated ETHUSDT with 60 closed candles; last close_time=1768382699999
2026-01-14 14:55:32,609 DEBUG __main__ - State ETHUSDT: close=3330.8700 ema50=3330.1033 st=3329.4530 dir=-1 atr=1.3443
2026-01-14 14:55:32,610 DEBUG src.strategy.router - Strategy ST_EMA50_Cross no signal for ETHUSDT
2026-01-14 14:56:02,783 DEBUG __main__ - Updated BTCUSDT with 60 closed candles; last close_time=1768382699999
2026-01-14 14:56:02,783 DEBUG __main__ - State BTCUSDT: close=95069.2000 ema50=95014.0591 st=94735.9693 dir=-1 atr=43.7260
2026-01-14 14:56:02,784 DEBUG src.strategy.router - Strategy Breakout_Retest no signal for BTCUSDT
2026-01-14 14:56:02,785 DEBUG src.strategy.router - Strategy ST_EMA50_Cross no signal for BTCUSDT
2026-01-14 14:56:02,938 DEBUG __main__ - Updated ETHUSDT with 60 closed candles; last close_time=1768382699999
2026-01-14 14:56:02,939 DEBUG __main__ - State ETHUSDT: close=3330.8700 ema50=3330.1033 st=3329.4530 dir=-1 atr=1.3443
2026-01-14 14:56:02,940 DEBUG src.strategy.router - Strategy ST_EMA50_Cross no signal for ETHUSDT
2026-01-14 14:56:33,317 DEBUG __main__ - Updated BTCUSDT with 59 closed candles; last close_time=1768382759999
2026-01-14 14:56:33,318 DEBUG __main__ - State BTCUSDT: close=95123.9000 ema50=95018.3665 st=94735.9693 dir=-1 atr=44.9534
2026-01-14 14:56:33,318 DEBUG src.strategy.router - Strategy Breakout_Retest no signal for BTCUSDT
2026-01-14 14:56:33,318 DEBUG src.strategy.router - Strategy ST_EMA50_Cross no signal for BTCUSDT
2026-01-14 14:56:33,512 DEBUG __main__ - Updated ETHUSDT with 60 closed candles; last close_time=1768382759999
2026-01-14 14:56:33,512 DEBUG __main__ - State ETHUSDT: close=3331.7100 ema50=3330.1663 st=3329.4530 dir=-1 atr=1.3038
2026-01-14 14:56:33,514 DEBUG src.strategy.router - Strategy ST_EMA50_Cross no signal for ETHUSDT
2026-01-14 14:57:03,700 DEBUG __main__ - Updated BTCUSDT with 60 closed candles; last close_time=1768382759999
2026-01-14 14:57:03,702 DEBUG __main__ - State BTCUSDT: close=95123.9000 ema50=95018.3665 st=94735.9693 dir=-1 atr=44.9534
2026-01-14 14:57:03,703 DEBUG src.strategy.router - Strategy Breakout_Retest no signal for BTCUSDT
2026-01-14 14:57:03,704 DEBUG src.strategy.router - Strategy ST_EMA50_Cross no signal for BTCUSDT
2026-01-14 14:57:03,846 DEBUG __main__ - Updated ETHUSDT with 60 closed candles; last close_time=1768382819999
2026-01-14 14:57:03,846 DEBUG __main__ - State ETHUSDT: close=3331.9900 ema50=3330.2378 st=3329.4530 dir=-1 atr=1.2455
2026-01-14 14:57:03,847 DEBUG src.strategy.router - Strategy ST_EMA50_Cross no signal for ETHUSDT
2026-01-14 14:57:34,059 DEBUG __main__ - Updated BTCUSDT with 60 closed candles; last close_time=1768382819999
2026-01-14 14:57:34,060 DEBUG __main__ - State BTCUSDT: close=95132.4000 ema50=95022.8384 st=94735.9693 dir=-1 atr=46.7780
2026-01-14 14:57:34,062 DEBUG src.strategy.router - Strategy Breakout_Retest no signal for BTCUSDT
2026-01-14 14:57:34,063 DEBUG src.strategy.router - Strategy ST_EMA50_Cross no signal for BTCUSDT
2026-01-14 14:57:34,211 DEBUG __main__ - Updated ETHUSDT with 60 closed candles; last close_time=1768382819999
2026-01-14 14:57:34,211 DEBUG __main__ - State ETHUSDT: close=3331.9900 ema50=3330.2378 st=3329.4530 dir=-1 atr=1.2455
2026-01-14 14:57:34,213 DEBUG src.strategy.router - Strategy ST_EMA50_Cross no signal for ETHUSDT
2026-01-14 14:58:04,399 DEBUG __main__ - Updated BTCUSDT with 60 closed candles; last close_time=1768382879999
2026-01-14 14:58:04,399 DEBUG __main__ - State BTCUSDT: close=95057.3000 ema50=95024.1899 st=94735.9693 dir=-1 atr=52.2502
2026-01-14 14:58:04,401 DEBUG src.strategy.router - Strategy Breakout_Retest no signal for BTCUSDT
2026-01-14 14:58:04,402 DEBUG src.strategy.router - Strategy ST_EMA50_Cross no signal for BTCUSDT
2026-01-14 14:58:04,550 DEBUG __main__ - Updated ETHUSDT with 60 closed candles; last close_time=1768382819999
2026-01-14 14:58:04,551 DEBUG __main__ - State ETHUSDT: close=3331.9900 ema50=3330.2378 st=3329.4530 dir=-1 atr=1.2455
2026-01-14 14:58:04,553 DEBUG src.strategy.router - Strategy ST_EMA50_Cross no signal for ETHUSDT
2026-01-14 14:58:34,748 DEBUG __main__ - Updated BTCUSDT with 60 closed candles; last close_time=1768382879999
2026-01-14 14:58:34,749 DEBUG __main__ - State BTCUSDT: close=95057.3000 ema50=95024.1899 st=94735.9693 dir=-1 atr=52.2502
2026-01-14 14:58:34,750 DEBUG src.strategy.router - Strategy Breakout_Retest no signal for BTCUSDT
2026-01-14 14:58:34,750 DEBUG src.strategy.router - Strategy ST_EMA50_Cross no signal for BTCUSDT
2026-01-14 14:58:34,890 DEBUG __main__ - Updated ETHUSDT with 60 closed candles; last close_time=1768382879999
2026-01-14 14:58:34,891 DEBUG __main__ - State ETHUSDT: close=3331.7200 ema50=3330.2959 st=3329.4530 dir=-1 atr=1.2479
2026-01-14 14:58:34,893 DEBUG src.strategy.router - Strategy ST_EMA50_Cross no signal for ETHUSDT
2026-01-14 14:59:05,104 DEBUG __main__ - Updated BTCUSDT with 60 closed candles; last close_time=1768382879999
2026-01-14 14:59:05,105 DEBUG __main__ - State BTCUSDT: close=95057.3000 ema50=95024.1899 st=94735.9693 dir=-1 atr=52.2502
2026-01-14 14:59:05,106 DEBUG src.strategy.router - Strategy Breakout_Retest no signal for BTCUSDT
2026-01-14 14:59:05,107 DEBUG src.strategy.router - Strategy ST_EMA50_Cross no signal for BTCUSDT
2026-01-14 14:59:05,251 DEBUG __main__ - Updated ETHUSDT with 60 closed candles; last close_time=1768382939999
2026-01-14 14:59:05,251 DEBUG __main__ - State ETHUSDT: close=3330.3300 ema50=3330.2973 st=3329.4530 dir=-1 atr=1.3891
2026-01-14 14:59:05,252 DEBUG src.strategy.router - Strategy ST_EMA50_Cross no signal for ETHUSDT
